<?xml version="1.0" encoding="utf-8"?><testsuites name="pytest tests"><testsuite name="pytest" errors="0" failures="0" skipped="0" tests="14" time="3.151" timestamp="2026-06-13T08:59:17.109931+00:00" hostname="agent-env-116d1460-522f-4c36-8a17-8dc656c92c5d"><testcase classname="backend.tests.test_rxguard.TestHealth" name="test_health" time="0.182" /><testcase classname="backend.tests.test_rxguard.TestHealth" name="test_robots_txt" time="0.105" /><testcase classname="backend.tests.test_rxguard.TestAuth" name="test_register" time="0.326" /><testcase classname="backend.tests.test_rxguard.TestAuth" name="test_login" time="0.447" /><testcase classname="backend.tests.test_rxguard.TestAuth" name="test_login_wrong_password" time="0.312" /><testcase classname="backend.tests.test_rxguard.TestAuth" name="test_me_unauthenticated" time="0.140" /><testcase classname="backend.tests.test_rxguard.TestAPIKeys" name="test_list_keys_unauthorized" time="0.093" /><testcase classname="backend.tests.test_rxguard.TestAPIKeys" name="test_list_keys" time="0.538" /><testcase classname="backend.tests.test_rxguard.TestAPIKeys" name="test_create_key" time="0.132" /><testcase classname="backend.tests.test_rxguard.TestAPIKeys" name="test_create_key_returns_raw_key" time="0.399" /><testcase classname="backend.tests.test_rxguard.TestPublicEndpoints" name="test_stats" time="0.099" /><testcase classname="backend.tests.test_rxguard.TestPublicEndpoints" name="test_dashboard" time="0.099" /><testcase classname="backend.tests.test_rxguard.TestPublicEndpoints" name="test_audits" time="0.090" /><testcase classname="backend.tests.test_rxguard.TestEmailEndpoint" name="test_email_no_key_returns_503" time="0.116" /></testsuite></testsuites>